{"D:\\Repository\\quiz-chatbot\\server\\node\\localUserAPI.js": {"path":"D:\\Repository\\quiz-chatbot\\server\\node\\localUserAPI.js","statementMap":{"0":{"start":{"line":1,"column":16},"end":{"line":1,"column":18}},"1":{"start":{"line":2,"column":19},"end":{"line":2,"column":21}},"2":{"start":{"line":5,"column":4},"end":{"line":9,"column":5}},"3":{"start":{"line":6,"column":8},"end":{"line":6,"column":35}},"4":{"start":{"line":8,"column":8},"end":{"line":8,"column":35}},"5":{"start":{"line":10,"column":4},"end":{"line":10,"column":41}},"6":{"start":{"line":14,"column":4},"end":{"line":18,"column":5}},"7":{"start":{"line":15,"column":8},"end":{"line":15,"column":39}},"8":{"start":{"line":17,"column":8},"end":{"line":17,"column":41}},"9":{"start":{"line":22,"column":4},"end":{"line":26,"column":5}},"10":{"start":{"line":23,"column":8},"end":{"line":23,"column":19}},"11":{"start":{"line":25,"column":8},"end":{"line":25,"column":34}},"12":{"start":{"line":36,"column":4},"end":{"line":36,"column":48}},"13":{"start":{"line":40,"column":4},"end":{"line":44,"column":5}},"14":{"start":{"line":41,"column":8},"end":{"line":41,"column":20}},"15":{"start":{"line":43,"column":8},"end":{"line":43,"column":37}},"16":{"start":{"line":47,"column":0},"end":{"line":47,"column":81}}},"fnMap":{"0":{"name":"setState","decl":{"start":{"line":4,"column":15},"end":{"line":4,"column":23}},"loc":{"start":{"line":4,"column":41},"end":{"line":11,"column":1}},"line":4},"1":{"name":"setRound","decl":{"start":{"line":13,"column":15},"end":{"line":13,"column":23}},"loc":{"start":{"line":13,"column":41},"end":{"line":19,"column":1}},"line":13},"2":{"name":"getState","decl":{"start":{"line":21,"column":15},"end":{"line":21,"column":23}},"loc":{"start":{"line":21,"column":34},"end":{"line":27,"column":1}},"line":21},"3":{"name":"setStateWelcome","decl":{"start":{"line":29,"column":15},"end":{"line":29,"column":30}},"loc":{"start":{"line":29,"column":50},"end":{"line":37,"column":1}},"line":29},"4":{"name":"getStateWelcome","decl":{"start":{"line":39,"column":15},"end":{"line":39,"column":30}},"loc":{"start":{"line":39,"column":41},"end":{"line":45,"column":1}},"line":39}},"branchMap":{"0":{"loc":{"start":{"line":5,"column":4},"end":{"line":9,"column":5}},"type":"if","locations":[{"start":{"line":5,"column":4},"end":{"line":9,"column":5}},{"start":{"line":5,"column":4},"end":{"line":9,"column":5}}],"line":5},"1":{"loc":{"start":{"line":14,"column":4},"end":{"line":18,"column":5}},"type":"if","locations":[{"start":{"line":14,"column":4},"end":{"line":18,"column":5}},{"start":{"line":14,"column":4},"end":{"line":18,"column":5}}],"line":14},"2":{"loc":{"start":{"line":22,"column":4},"end":{"line":26,"column":5}},"type":"if","locations":[{"start":{"line":22,"column":4},"end":{"line":26,"column":5}},{"start":{"line":22,"column":4},"end":{"line":26,"column":5}}],"line":22},"3":{"loc":{"start":{"line":40,"column":4},"end":{"line":44,"column":5}},"type":"if","locations":[{"start":{"line":40,"column":4},"end":{"line":44,"column":5}},{"start":{"line":40,"column":4},"end":{"line":44,"column":5}}],"line":40}},"s":{"0":1,"1":1,"2":0,"3":0,"4":0,"5":0,"6":0,"7":0,"8":0,"9":0,"10":0,"11":0,"12":0,"13":0,"14":0,"15":0,"16":1},"f":{"0":0,"1":0,"2":0,"3":0,"4":0},"b":{"0":[0,0],"1":[0,0],"2":[0,0],"3":[0,0]},"_coverageSchema":"332fd63041d2c1bcb487cc26dd0d5f7d97098a6c","hash":"dc0d3148acd8a4efb73efb1233807e3f04bc0ae5"}
,"D:\\Repository\\quiz-chatbot\\server\\node\\models\\user.js": {"path":"D:\\Repository\\quiz-chatbot\\server\\node\\models\\user.js","statementMap":{"0":{"start":{"line":1,"column":12},"end":{"line":1,"column":38}},"1":{"start":{"line":3,"column":13},"end":{"line":12,"column":1}},"2":{"start":{"line":4,"column":21},"end":{"line":4,"column":49}},"3":{"start":{"line":6,"column":4},"end":{"line":8,"column":5}},"4":{"start":{"line":7,"column":8},"end":{"line":7,"column":135}},"5":{"start":{"line":9,"column":16},"end":{"line":9,"column":44}},"6":{"start":{"line":11,"column":4},"end":{"line":11,"column":41}},"7":{"start":{"line":16,"column":8},"end":{"line":16,"column":32}},"8":{"start":{"line":17,"column":8},"end":{"line":17,"column":26}},"9":{"start":{"line":18,"column":8},"end":{"line":18,"column":22}},"10":{"start":{"line":22,"column":25},"end":{"line":22,"column":67}},"11":{"start":{"line":23,"column":8},"end":{"line":23,"column":50}},"12":{"start":{"line":24,"column":8},"end":{"line":24,"column":29}},"13":{"start":{"line":28,"column":8},"end":{"line":35,"column":10}},"14":{"start":{"line":44,"column":8},"end":{"line":44,"column":47}},"15":{"start":{"line":45,"column":8},"end":{"line":45,"column":37}},"16":{"start":{"line":49,"column":8},"end":{"line":49,"column":53}},"17":{"start":{"line":50,"column":8},"end":{"line":50,"column":39}},"18":{"start":{"line":54,"column":8},"end":{"line":57,"column":9}},"19":{"start":{"line":64,"column":8},"end":{"line":66,"column":9}},"20":{"start":{"line":72,"column":8},"end":{"line":72,"column":43}},"21":{"start":{"line":81,"column":8},"end":{"line":81,"column":81}},"22":{"start":{"line":91,"column":8},"end":{"line":91,"column":106}},"23":{"start":{"line":103,"column":0},"end":{"line":103,"column":25}}},"fnMap":{"0":{"name":"(anonymous_0)","decl":{"start":{"line":3,"column":13},"end":{"line":3,"column":14}},"loc":{"start":{"line":3,"column":44},"end":{"line":12,"column":1}},"line":3},"1":{"name":"(anonymous_1)","decl":{"start":{"line":15,"column":4},"end":{"line":15,"column":5}},"loc":{"start":{"line":15,"column":38},"end":{"line":19,"column":5}},"line":15},"2":{"name":"(anonymous_2)","decl":{"start":{"line":21,"column":4},"end":{"line":21,"column":5}},"loc":{"start":{"line":21,"column":26},"end":{"line":25,"column":5}},"line":21},"3":{"name":"(anonymous_3)","decl":{"start":{"line":27,"column":4},"end":{"line":27,"column":5}},"loc":{"start":{"line":27,"column":27},"end":{"line":36,"column":5}},"line":27},"4":{"name":"(anonymous_4)","decl":{"start":{"line":43,"column":4},"end":{"line":43,"column":5}},"loc":{"start":{"line":43,"column":20},"end":{"line":46,"column":5}},"line":43},"5":{"name":"(anonymous_5)","decl":{"start":{"line":48,"column":4},"end":{"line":48,"column":5}},"loc":{"start":{"line":48,"column":14},"end":{"line":51,"column":5}},"line":48},"6":{"name":"(anonymous_6)","decl":{"start":{"line":53,"column":4},"end":{"line":53,"column":5}},"loc":{"start":{"line":53,"column":14},"end":{"line":61,"column":5}},"line":53},"7":{"name":"(anonymous_7)","decl":{"start":{"line":63,"column":4},"end":{"line":63,"column":5}},"loc":{"start":{"line":63,"column":12},"end":{"line":69,"column":5}},"line":63},"8":{"name":"(anonymous_8)","decl":{"start":{"line":71,"column":4},"end":{"line":71,"column":5}},"loc":{"start":{"line":71,"column":13},"end":{"line":78,"column":5}},"line":71},"9":{"name":"(anonymous_9)","decl":{"start":{"line":80,"column":4},"end":{"line":80,"column":5}},"loc":{"start":{"line":80,"column":13},"end":{"line":88,"column":5}},"line":80},"10":{"name":"(anonymous_10)","decl":{"start":{"line":90,"column":4},"end":{"line":90,"column":5}},"loc":{"start":{"line":90,"column":35},"end":{"line":99,"column":5}},"line":90}},"branchMap":{"0":{"loc":{"start":{"line":6,"column":4},"end":{"line":8,"column":5}},"type":"if","locations":[{"start":{"line":6,"column":4},"end":{"line":8,"column":5}},{"start":{"line":6,"column":4},"end":{"line":8,"column":5}}],"line":6}},"s":{"0":1,"1":1,"2":2,"3":2,"4":1,"5":2,"6":2,"7":2,"8":2,"9":2,"10":0,"11":0,"12":0,"13":0,"14":0,"15":0,"16":0,"17":0,"18":0,"19":0,"20":0,"21":0,"22":0,"23":1},"f":{"0":2,"1":2,"2":0,"3":0,"4":0,"5":0,"6":0,"7":0,"8":0,"9":0,"10":0},"b":{"0":[1,1]},"_coverageSchema":"332fd63041d2c1bcb487cc26dd0d5f7d97098a6c","hash":"f5cd3287faf9d5a0111f7799686607d45c360d53"}
}
