{"D:\\Repository\\quiz-chatbot\\server\\node\\summary.js": {"path":"D:\\Repository\\quiz-chatbot\\server\\node\\summary.js","statementMap":{"0":{"start":{"line":1,"column":23},"end":{"line":15,"column":1}},"1":{"start":{"line":2,"column":21},"end":{"line":2,"column":23}},"2":{"start":{"line":4,"column":4},"end":{"line":4,"column":26}},"3":{"start":{"line":5,"column":4},"end":{"line":5,"column":28}},"4":{"start":{"line":6,"column":4},"end":{"line":6,"column":38}},"5":{"start":{"line":7,"column":4},"end":{"line":7,"column":28}},"6":{"start":{"line":8,"column":4},"end":{"line":8,"column":28}},"7":{"start":{"line":9,"column":4},"end":{"line":9,"column":28}},"8":{"start":{"line":10,"column":4},"end":{"line":10,"column":38}},"9":{"start":{"line":11,"column":4},"end":{"line":12,"column":37}},"10":{"start":{"line":11,"column":36},"end":{"line":11,"column":60}},"11":{"start":{"line":12,"column":12},"end":{"line":12,"column":37}},"12":{"start":{"line":14,"column":4},"end":{"line":14,"column":21}},"13":{"start":{"line":17,"column":38},"end":{"line":26,"column":1}},"14":{"start":{"line":18,"column":16},"end":{"line":18,"column":17}},"15":{"start":{"line":20,"column":4},"end":{"line":23,"column":5}},"16":{"start":{"line":21,"column":8},"end":{"line":22,"column":52}},"17":{"start":{"line":21,"column":31},"end":{"line":21,"column":48}},"18":{"start":{"line":22,"column":13},"end":{"line":22,"column":52}},"19":{"start":{"line":22,"column":35},"end":{"line":22,"column":52}},"20":{"start":{"line":25,"column":4},"end":{"line":25,"column":16}},"21":{"start":{"line":28,"column":28},"end":{"line":31,"column":1}},"22":{"start":{"line":29,"column":21},"end":{"line":29,"column":40}},"23":{"start":{"line":30,"column":4},"end":{"line":30,"column":21}},"24":{"start":{"line":33,"column":23},"end":{"line":50,"column":1}},"25":{"start":{"line":35,"column":4},"end":{"line":47,"column":20}},"26":{"start":{"line":35,"column":44},"end":{"line":35,"column":56}},"27":{"start":{"line":36,"column":9},"end":{"line":47,"column":20}},"28":{"start":{"line":36,"column":49},"end":{"line":36,"column":60}},"29":{"start":{"line":37,"column":9},"end":{"line":47,"column":20}},"30":{"start":{"line":37,"column":49},"end":{"line":37,"column":61}},"31":{"start":{"line":38,"column":9},"end":{"line":47,"column":20}},"32":{"start":{"line":38,"column":49},"end":{"line":38,"column":61}},"33":{"start":{"line":39,"column":9},"end":{"line":47,"column":20}},"34":{"start":{"line":39,"column":49},"end":{"line":39,"column":60}},"35":{"start":{"line":40,"column":9},"end":{"line":47,"column":20}},"36":{"start":{"line":40,"column":49},"end":{"line":40,"column":61}},"37":{"start":{"line":41,"column":9},"end":{"line":47,"column":20}},"38":{"start":{"line":41,"column":49},"end":{"line":41,"column":61}},"39":{"start":{"line":42,"column":9},"end":{"line":47,"column":20}},"40":{"start":{"line":42,"column":49},"end":{"line":42,"column":60}},"41":{"start":{"line":43,"column":9},"end":{"line":47,"column":20}},"42":{"start":{"line":43,"column":49},"end":{"line":43,"column":61}},"43":{"start":{"line":44,"column":9},"end":{"line":47,"column":20}},"44":{"start":{"line":44,"column":49},"end":{"line":44,"column":61}},"45":{"start":{"line":45,"column":9},"end":{"line":47,"column":20}},"46":{"start":{"line":45,"column":49},"end":{"line":45,"column":60}},"47":{"start":{"line":46,"column":9},"end":{"line":47,"column":20}},"48":{"start":{"line":46,"column":49},"end":{"line":46,"column":61}},"49":{"start":{"line":47,"column":9},"end":{"line":47,"column":20}},"50":{"start":{"line":49,"column":4},"end":{"line":49,"column":16}},"51":{"start":{"line":52,"column":0},"end":{"line":52,"column":103}}},"fnMap":{"0":{"name":"(anonymous_0)","decl":{"start":{"line":1,"column":23},"end":{"line":1,"column":24}},"loc":{"start":{"line":1,"column":97},"end":{"line":15,"column":1}},"line":1},"1":{"name":"(anonymous_1)","decl":{"start":{"line":17,"column":38},"end":{"line":17,"column":39}},"loc":{"start":{"line":17,"column":67},"end":{"line":26,"column":1}},"line":17},"2":{"name":"(anonymous_2)","decl":{"start":{"line":28,"column":28},"end":{"line":28,"column":29}},"loc":{"start":{"line":28,"column":48},"end":{"line":31,"column":1}},"line":28},"3":{"name":"(anonymous_3)","decl":{"start":{"line":33,"column":23},"end":{"line":33,"column":24}},"loc":{"start":{"line":33,"column":50},"end":{"line":50,"column":1}},"line":33}},"branchMap":{"0":{"loc":{"start":{"line":11,"column":4},"end":{"line":12,"column":37}},"type":"if","locations":[{"start":{"line":11,"column":4},"end":{"line":12,"column":37}},{"start":{"line":11,"column":4},"end":{"line":12,"column":37}}],"line":11},"1":{"loc":{"start":{"line":20,"column":4},"end":{"line":23,"column":5}},"type":"if","locations":[{"start":{"line":20,"column":4},"end":{"line":23,"column":5}},{"start":{"line":20,"column":4},"end":{"line":23,"column":5}}],"line":20},"2":{"loc":{"start":{"line":21,"column":8},"end":{"line":22,"column":52}},"type":"if","locations":[{"start":{"line":21,"column":8},"end":{"line":22,"column":52}},{"start":{"line":21,"column":8},"end":{"line":22,"column":52}}],"line":21},"3":{"loc":{"start":{"line":22,"column":13},"end":{"line":22,"column":52}},"type":"if","locations":[{"start":{"line":22,"column":13},"end":{"line":22,"column":52}},{"start":{"line":22,"column":13},"end":{"line":22,"column":52}}],"line":22},"4":{"loc":{"start":{"line":35,"column":4},"end":{"line":47,"column":20}},"type":"if","locations":[{"start":{"line":35,"column":4},"end":{"line":47,"column":20}},{"start":{"line":35,"column":4},"end":{"line":47,"column":20}}],"line":35},"5":{"loc":{"start":{"line":36,"column":9},"end":{"line":47,"column":20}},"type":"if","locations":[{"start":{"line":36,"column":9},"end":{"line":47,"column":20}},{"start":{"line":36,"column":9},"end":{"line":47,"column":20}}],"line":36},"6":{"loc":{"start":{"line":37,"column":9},"end":{"line":47,"column":20}},"type":"if","locations":[{"start":{"line":37,"column":9},"end":{"line":47,"column":20}},{"start":{"line":37,"column":9},"end":{"line":47,"column":20}}],"line":37},"7":{"loc":{"start":{"line":38,"column":9},"end":{"line":47,"column":20}},"type":"if","locations":[{"start":{"line":38,"column":9},"end":{"line":47,"column":20}},{"start":{"line":38,"column":9},"end":{"line":47,"column":20}}],"line":38},"8":{"loc":{"start":{"line":39,"column":9},"end":{"line":47,"column":20}},"type":"if","locations":[{"start":{"line":39,"column":9},"end":{"line":47,"column":20}},{"start":{"line":39,"column":9},"end":{"line":47,"column":20}}],"line":39},"9":{"loc":{"start":{"line":40,"column":9},"end":{"line":47,"column":20}},"type":"if","locations":[{"start":{"line":40,"column":9},"end":{"line":47,"column":20}},{"start":{"line":40,"column":9},"end":{"line":47,"column":20}}],"line":40},"10":{"loc":{"start":{"line":41,"column":9},"end":{"line":47,"column":20}},"type":"if","locations":[{"start":{"line":41,"column":9},"end":{"line":47,"column":20}},{"start":{"line":41,"column":9},"end":{"line":47,"column":20}}],"line":41},"11":{"loc":{"start":{"line":42,"column":9},"end":{"line":47,"column":20}},"type":"if","locations":[{"start":{"line":42,"column":9},"end":{"line":47,"column":20}},{"start":{"line":42,"column":9},"end":{"line":47,"column":20}}],"line":42},"12":{"loc":{"start":{"line":43,"column":9},"end":{"line":47,"column":20}},"type":"if","locations":[{"start":{"line":43,"column":9},"end":{"line":47,"column":20}},{"start":{"line":43,"column":9},"end":{"line":47,"column":20}}],"line":43},"13":{"loc":{"start":{"line":44,"column":9},"end":{"line":47,"column":20}},"type":"if","locations":[{"start":{"line":44,"column":9},"end":{"line":47,"column":20}},{"start":{"line":44,"column":9},"end":{"line":47,"column":20}}],"line":44},"14":{"loc":{"start":{"line":45,"column":9},"end":{"line":47,"column":20}},"type":"if","locations":[{"start":{"line":45,"column":9},"end":{"line":47,"column":20}},{"start":{"line":45,"column":9},"end":{"line":47,"column":20}}],"line":45},"15":{"loc":{"start":{"line":46,"column":9},"end":{"line":47,"column":20}},"type":"if","locations":[{"start":{"line":46,"column":9},"end":{"line":47,"column":20}},{"start":{"line":46,"column":9},"end":{"line":47,"column":20}}],"line":46}},"s":{"0":1,"1":0,"2":0,"3":0,"4":0,"5":0,"6":0,"7":0,"8":0,"9":0,"10":0,"11":0,"12":0,"13":1,"14":4,"15":4,"16":2,"17":1,"18":1,"19":1,"20":4,"21":1,"22":1,"23":1,"24":1,"25":13,"26":1,"27":12,"28":1,"29":11,"30":1,"31":10,"32":1,"33":9,"34":1,"35":8,"36":1,"37":7,"38":1,"39":6,"40":1,"41":5,"42":1,"43":4,"44":1,"45":3,"46":1,"47":2,"48":1,"49":1,"50":13,"51":1},"f":{"0":0,"1":4,"2":1,"3":13},"b":{"0":[0,0],"1":[2,2],"2":[1,1],"3":[1,0],"4":[1,12],"5":[1,11],"6":[1,10],"7":[1,9],"8":[1,8],"9":[1,7],"10":[1,6],"11":[1,5],"12":[1,4],"13":[1,3],"14":[1,2],"15":[1,1]},"_coverageSchema":"332fd63041d2c1bcb487cc26dd0d5f7d97098a6c","hash":"aa0e60a5ea6d7b2e8ff355e433b786c7d73d1ea7"}
}
