TN:
SF:D:\Repository\quiz-chatbot\server\node\localUserAPI.js
FN:4,setState
FN:13,setRound
FN:21,getState
FN:29,setStateWelcome
FN:39,getStateWelcome
FNF:5
FNH:0
FNDA:0,setState
FNDA:0,setRound
FNDA:0,getState
FNDA:0,setStateWelcome
FNDA:0,getStateWelcome
DA:1,1
DA:2,1
DA:5,0
DA:6,0
DA:8,0
DA:10,0
DA:14,0
DA:15,0
DA:17,0
DA:22,0
DA:23,0
DA:25,0
DA:36,0
DA:40,0
DA:41,0
DA:43,0
DA:47,1
LF:17
LH:3
BRDA:5,0,0,0
BRDA:5,0,1,0
BRDA:14,1,0,0
BRDA:14,1,1,0
BRDA:22,2,0,0
BRDA:22,2,1,0
BRDA:40,3,0,0
BRDA:40,3,1,0
BRF:8
BRH:0
end_of_record
TN:
SF:D:\Repository\quiz-chatbot\server\node\models\user.js
FN:3,(anonymous_0)
FN:15,(anonymous_1)
FN:21,(anonymous_2)
FN:27,(anonymous_3)
FN:43,(anonymous_4)
FN:48,(anonymous_5)
FN:53,(anonymous_6)
FN:63,(anonymous_7)
FN:71,(anonymous_8)
FN:80,(anonymous_9)
FN:90,(anonymous_10)
FNF:11
FNH:2
FNDA:2,(anonymous_0)
FNDA:2,(anonymous_1)
FNDA:0,(anonymous_2)
FNDA:0,(anonymous_3)
FNDA:0,(anonymous_4)
FNDA:0,(anonymous_5)
FNDA:0,(anonymous_6)
FNDA:0,(anonymous_7)
FNDA:0,(anonymous_8)
FNDA:0,(anonymous_9)
FNDA:0,(anonymous_10)
DA:1,1
DA:3,1
DA:4,2
DA:6,2
DA:7,1
DA:9,2
DA:11,2
DA:16,2
DA:17,2
DA:18,2
DA:22,0
DA:23,0
DA:24,0
DA:28,0
DA:44,0
DA:45,0
DA:49,0
DA:50,0
DA:54,0
DA:64,0
DA:72,0
DA:81,0
DA:91,0
DA:103,1
LF:24
LH:11
BRDA:6,0,0,1
BRDA:6,0,1,1
BRF:2
BRH:2
end_of_record
