TN:
SF:D:\Repository\quiz-chatbot\server\node\summary.js
FN:1,(anonymous_0)
FN:15,(anonymous_1)
FN:26,(anonymous_2)
FN:31,(anonymous_3)
FNF:4
FNH:2
FNDA:0,(anonymous_0)
FNDA:4,(anonymous_1)
FNDA:1,(anonymous_2)
FNDA:0,(anonymous_3)
DA:1,1
DA:2,0
DA:4,0
DA:5,0
DA:6,0
DA:7,0
DA:8,0
DA:9,0
DA:10,0
DA:12,0
DA:15,1
DA:16,4
DA:18,4
DA:19,2
DA:20,1
DA:23,4
DA:26,1
DA:27,1
DA:28,1
DA:31,1
DA:33,0
DA:34,0
DA:35,0
DA:36,0
DA:37,0
DA:38,0
DA:39,0
DA:40,0
DA:41,0
DA:42,0
DA:43,0
DA:44,0
DA:45,0
DA:47,0
DA:50,1
LF:35
LH:12
BRDA:18,0,0,2
BRDA:18,0,1,2
BRDA:19,1,0,1
BRDA:19,1,1,1
BRDA:20,2,0,1
BRDA:20,2,1,0
BRDA:33,3,0,0
BRDA:33,3,1,0
BRDA:34,4,0,0
BRDA:34,4,1,0
BRDA:35,5,0,0
BRDA:35,5,1,0
BRDA:36,6,0,0
BRDA:36,6,1,0
BRDA:37,7,0,0
BRDA:37,7,1,0
BRDA:38,8,0,0
BRDA:38,8,1,0
BRDA:39,9,0,0
BRDA:39,9,1,0
BRDA:40,10,0,0
BRDA:40,10,1,0
BRDA:41,11,0,0
BRDA:41,11,1,0
BRDA:42,12,0,0
BRDA:42,12,1,0
BRDA:43,13,0,0
BRDA:43,13,1,0
BRDA:44,14,0,0
BRDA:44,14,1,0
BRF:30
BRH:5
end_of_record
